[debug] [2021-01-18T00:24:17.245Z] ----------------------------------------------------------------------
[debug] [2021-01-18T00:24:17.247Z] Command:       /usr/local/bin/node /usr/local/bin/firebase init
[debug] [2021-01-18T00:24:17.247Z] CLI Version:   9.2.1
[debug] [2021-01-18T00:24:17.247Z] Platform:      darwin
[debug] [2021-01-18T00:24:17.247Z] Node Version:  v10.15.3
[debug] [2021-01-18T00:24:17.248Z] Time:          Sun Jan 17 2021 19:24:17 GMT-0500 (Eastern Standard Time)
[debug] [2021-01-18T00:24:17.248Z] ----------------------------------------------------------------------
[debug] [2021-01-18T00:24:17.248Z] 
[debug] [2021-01-18T00:24:17.254Z] > command requires scopes: ["email","openid","https://www.googleapis.com/auth/cloudplatformprojects.readonly","https://www.googleapis.com/auth/firebase","https://www.googleapis.com/auth/cloud-platform"]
[debug] [2021-01-18T00:24:17.255Z] > authorizing via signed-in user
[info] 
     ######## #### ########  ######## ########     ###     ######  ########
     ##        ##  ##     ## ##       ##     ##  ##   ##  ##       ##
     ######    ##  ########  ######   ########  #########  ######  ######
     ##        ##  ##    ##  ##       ##     ## ##     ##       ## ##
     ##       #### ##     ## ######## ########  ##     ##  ######  ########

You're about to initialize a Firebase project in this directory:

  /Users/shaunakturaga/Documents/Development/shaunakmeera

[info] 
=== Project Setup
[info] 
[info] First, let's associate this project directory with a Firebase project.
[info] You can create multiple project aliases by running firebase use --add, 
[info] but for now we'll just set up a default project.
[info] 
[debug] [2021-01-18T00:24:40.096Z] >>> [apiv2][query] GET https://firebase.googleapis.com/v1beta1/projects pageSize=100
[debug] [2021-01-18T00:24:40.458Z] <<< [apiv2][status] GET https://firebase.googleapis.com/v1beta1/projects 200
[debug] [2021-01-18T00:24:40.459Z] <<< [apiv2][body] GET https://firebase.googleapis.com/v1beta1/projects [omitted]
[info] i  Using project shaunakmeera (shaunakmeera) 
[info] 
=== Hosting Setup
[info] 
[info] Your public directory is the folder (relative to your project directory) that
[info] will contain Hosting assets to be uploaded with firebase deploy. If you
[info] have a build process for your assets, use your build's output directory.
[info] 
[debug] [2021-01-18T00:25:41.461Z] >>> [apiv2][query] GET https://www.gstatic.com/firebasejs/releases.json [none]
[debug] [2021-01-18T00:25:41.738Z] <<< [apiv2][status] GET https://www.gstatic.com/firebasejs/releases.json 200
[debug] [2021-01-18T00:25:41.739Z] <<< [apiv2][body] GET https://www.gstatic.com/firebasejs/releases.json {"current":{"version":"8.2.3","browserURL":"https://www.gstatic.com/firebasejs/8.2.3/firebase.js","packageURL":"https://www.gstatic.com/firebasejs/8.2.3/firebase.tgz"},"live":{"version":"8.2","browserURL":"https://www.gstatic.com/firebasejs/live/8.2/firebase.js","packageURL":"https://www.gstatic.com/firebasejs/live/8.2/firebase.tgz"},"components":{"analytics":"https://www.gstatic.com/firebasejs/8.2.3/firebase-analytics.js","app":"https://www.gstatic.com/firebasejs/8.2.3/firebase-app.js","auth":"https://www.gstatic.com/firebasejs/8.2.3/firebase-auth.js","database":"https://www.gstatic.com/firebasejs/8.2.3/firebase-database.js","firestore":"https://www.gstatic.com/firebasejs/8.2.3/firebase-firestore.js","functions":"https://www.gstatic.com/firebasejs/8.2.3/firebase-functions.js","installations":"https://www.gstatic.com/firebasejs/8.2.3/firebase-installations.js","messaging":"https://www.gstatic.com/firebasejs/8.2.3/firebase-messaging.js","storage":"https://www.gstatic.com/firebasejs/8.2.3/firebase-storage.js","performance":"https://www.gstatic.com/firebasejs/8.2.3/firebase-performance.js","remote-config":"https://www.gstatic.com/firebasejs/8.2.3/firebase-remote-config.js","firestore.memory":"https://www.gstatic.com/firebasejs/8.2.3/firebase-firestore.memory.js"}}
[info] ✔  Wrote public/index.html 
[info] 
[info] i  Didn't detect a .git folder. Assuming /Users/shaunakturaga/Documents/Development/shaunakmeera is the project root. 
[info] i  Authorizing with GitHub to upload your service account to a GitHub repository's secrets store. 
[info] 
[info] Visit this URL on this device to log in:
[info] https://github.com/login/oauth/authorize?client_id=89cf50f02ac6aaed3484&state=391316926&redirect_uri=http%3A%2F%2Flocalhost%3A9005&scope=read%3Auser%20repo%20public_repo
[info] 
[info] Waiting for authentication...
[debug] [2021-01-18T00:25:58.657Z] >>> HTTP REQUEST POST https://github.com/login/oauth/access_token  
 {"client_id":"89cf50f02ac6aaed3484","client_secret":"3330d14abc895d9a74d5f17cd7a00711fa2c5bf0","code":"74d2ab15614435eb0f0b","redirect_uri":"http://localhost:9005","state":"391316926"}
[debug] [2021-01-18T00:25:58.978Z] <<< HTTP RESPONSE 200 {"server":"GitHub.com","date":"Mon, 18 Jan 2021 00:25:58 GMT","content-type":"application/json; charset=utf-8","transfer-encoding":"chunked","status":"200 OK","vary":"X-PJAX, Accept-Encoding, Accept, X-Requested-With","etag":"W/\"9762c5ebc6e85d7ddde03856748b6c55\"","cache-control":"max-age=0, private, must-revalidate","strict-transport-security":"max-age=31536000; includeSubdomains; preload","x-frame-options":"deny","x-content-type-options":"nosniff","x-xss-protection":"1; mode=block","referrer-policy":"origin-when-cross-origin, strict-origin-when-cross-origin","expect-ct":"max-age=2592000, report-uri=\"https://api.github.com/_private/browser/errors\"","content-security-policy":"default-src 'none'; base-uri 'self'; block-all-mixed-content; connect-src 'self' uploads.github.com www.githubstatus.com collector.githubapp.com api.github.com github-cloud.s3.amazonaws.com github-production-repository-file-5c1aeb.s3.amazonaws.com github-production-upload-manifest-file-7fdce7.s3.amazonaws.com github-production-user-asset-6210df.s3.amazonaws.com cdn.optimizely.com logx.optimizely.com/v1/events wss://alive.github.com; font-src github.githubassets.com; form-action 'self' github.com gist.github.com; frame-ancestors 'none'; frame-src render.githubusercontent.com; img-src 'self' data: github.githubassets.com identicons.github.com collector.githubapp.com github-cloud.s3.amazonaws.com *.githubusercontent.com; manifest-src 'self'; media-src 'none'; script-src github.githubassets.com; style-src 'unsafe-inline' github.githubassets.com; worker-src github.com/socket-worker-5029ae85.js gist.github.com/socket-worker-5029ae85.js","x-github-request-id":"E6D7:7729:1EF4F11:2CB0649:6004D596"}
[debug] [2021-01-18T00:25:58.980Z] >>> [apiv2][query] GET https://api.github.com/user [none]
[debug] [2021-01-18T00:25:59.237Z] <<< [apiv2][status] GET https://api.github.com/user 200
[debug] [2021-01-18T00:25:59.237Z] <<< [apiv2][body] GET https://api.github.com/user {"login":"shaunakturaga","id":21228729,"node_id":"MDQ6VXNlcjIxMjI4NzI5","avatar_url":"https://avatars1.githubusercontent.com/u/21228729?v=4","gravatar_id":"","url":"https://api.github.com/users/shaunakturaga","html_url":"https://github.com/shaunakturaga","followers_url":"https://api.github.com/users/shaunakturaga/followers","following_url":"https://api.github.com/users/shaunakturaga/following{/other_user}","gists_url":"https://api.github.com/users/shaunakturaga/gists{/gist_id}","starred_url":"https://api.github.com/users/shaunakturaga/starred{/owner}{/repo}","subscriptions_url":"https://api.github.com/users/shaunakturaga/subscriptions","organizations_url":"https://api.github.com/users/shaunakturaga/orgs","repos_url":"https://api.github.com/users/shaunakturaga/repos","events_url":"https://api.github.com/users/shaunakturaga/events{/privacy}","received_events_url":"https://api.github.com/users/shaunakturaga/received_events","type":"User","site_admin":false,"name":"Shaunak Turaga","company":null,"blog":"","location":null,"email":null,"hireable":true,"bio":null,"twitter_username":null,"public_repos":21,"public_gists":0,"followers":1,"following":1,"created_at":"2016-08-24T21:17:09Z","updated_at":"2021-01-18T00:25:48Z","private_gists":0,"total_private_repos":5,"owned_private_repos":5,"disk_usage":51864,"collaborators":4,"two_factor_authentication":false,"plan":{"name":"free","space":976562499,"collaborators":0,"private_repos":10000}}
[info] 
[info] ✔  Success! Logged into GitHub as shaunakturaga 
[info] 
[debug] [2021-01-18T00:26:13.791Z] >>> [apiv2][query] GET https://api.github.com/repos//actions/secrets/public-key type=owner
[debug] [2021-01-18T00:26:14.047Z] <<< [apiv2][status] GET https://api.github.com/repos//actions/secrets/public-key 404
[debug] [2021-01-18T00:26:14.047Z] <<< [apiv2][body] GET https://api.github.com/repos//actions/secrets/public-key {"message":"Not Found","documentation_url":"https://docs.github.com/rest"}
[debug] [2021-01-18T00:26:15.575Z] >>> [apiv2][query] GET https://api.github.com/repos//actions/secrets/public-key type=owner
[debug] [2021-01-18T00:26:15.741Z] <<< [apiv2][status] GET https://api.github.com/repos//actions/secrets/public-key 404
[debug] [2021-01-18T00:26:15.741Z] <<< [apiv2][body] GET https://api.github.com/repos//actions/secrets/public-key {"message":"Not Found","documentation_url":"https://docs.github.com/rest"}
[debug] [2021-01-18T00:26:19.569Z] >>> [apiv2][query] GET https://api.github.com/repos/n/actions/secrets/public-key type=owner
[debug] [2021-01-18T00:26:19.731Z] <<< [apiv2][status] GET https://api.github.com/repos/n/actions/secrets/public-key 404
[debug] [2021-01-18T00:26:19.731Z] <<< [apiv2][body] GET https://api.github.com/repos/n/actions/secrets/public-key {"message":"Not Found","documentation_url":"https://docs.github.com/rest"}
